<?xml version="1.0" encoding="UTF-8"?>
<testsuite name="FlashcardsTest" tests="1" skipped="0" failures="0" errors="0" timestamp="2020-04-29T12:56:03" hostname="Personal-Laptop-Asus" time="0.468">
  <properties/>
  <testcase name="start" classname="FlashcardsTest" time="0.468"/>
  <system-out><![CDATA[?[1;31m
Start test 1?[0m
Input the action (add, remove, import, export, ask, exit)
> add
Enter the term for card
> black
Enter the definition for card
> white
The pair ("black":"white") has been added.
Input the action (add, remove, import, export, ask, exit)
> add
Enter the term for card
> black
The card "black" already exists.
Input the action (add, remove, import, export, ask, exit)
> add
Enter the term for card
> red
Enter the definition for card
> white
The definition "white" already exists.
Input the action (add, remove, import, export, ask, exit)
> ask
How many times to ask?
> 2
Print the definition of "black":
> white
Correct answer.
Print the definition of "black":
> green
Wrong answer. The correct one is "white"
Input the action (add, remove, import, export, ask, exit)
> exit
Bye bye!
?[1;31m
Start test 2?[0m
Input the action (add, remove, import, export, ask, exit)
> add
Enter the term for card
> a brother of one's parent
Enter the definition for card
> uncle
The pair ("a brother of one's parent":"uncle") has been added.
Input the action (add, remove, import, export, ask, exit)
> add
Enter the term for card
> a part of the body where the foot and the leg meet
Enter the definition for card
> ankle
The pair ("a part of the body where the foot and the leg meet":"ankle") has been added.
Input the action (add, remove, import, export, ask, exit)
> ask
How many times to ask?
> 6
Print the definition of "a brother of one's parent":
> ankle
Wrong answer. The correct one is "uncle", `you've just written the definition of "a part of the body where the foot and the leg meet"
Print the definition of "a part of the body where the foot and the leg meet":
> ??
Wrong answer. The correct one is "ankle"
Print the definition of "a brother of one's parent":
> uncle
Correct answer.
Print the definition of "a part of the body where the foot and the leg meet":
> ankle
Correct answer.
Print the definition of "a brother of one's parent":
> ??
Wrong answer. The correct one is "uncle"
Print the definition of "a part of the body where the foot and the leg meet":
> uncle
Wrong answer. The correct one is "ankle", `you've just written the definition of "a brother of one's parent"
Input the action (add, remove, import, export, ask, exit)
> exit
Bye bye!
?[1;31m
Start test 3?[0m
Input the action (add, remove, import, export, ask, exit)
> export
Please, provide name of the file:
> capitals.txt
0 cards have been saved
Input the action (add, remove, import, export, ask, exit)
> export
Please, provide name of the file:
> capitalsNew.txt
0 cards have been saved
Input the action (add, remove, import, export, ask, exit)
> exit
Bye bye!
?[1;31m
Start test 4?[0m
Input the action (add, remove, import, export, ask, exit)
> import
Name of file to be imported
> ghost_file.txt
File not found.
Input the action (add, remove, import, export, ask, exit)
> exit
Bye bye!
?[1;31m
Start test 5?[0m
Input the action (add, remove, import, export, ask, exit)
> add
Enter the term for card
> Great Britain
Enter the definition for card
> London
The pair ("Great Britain":"London") has been added.
Input the action (add, remove, import, export, ask, exit)
> remove
The card to be removed
> Wakanda
Can't remove "Wakanda": there is no such card.
Input the action (add, remove, import, export, ask, exit)
> export
Please, provide name of the file:
> capitals.txt
1 cards have been saved
Input the action (add, remove, import, export, ask, exit)
> import
Name of file to be imported
> capitals.txt
1 cards have been loaded
Input the action (add, remove, import, export, ask, exit)
> ask
How many times to ask?
> 1
Print the definition of "Great Britain":
> London
Correct answer.
Input the action (add, remove, import, export, ask, exit)
> export
Please, provide name of the file:
> capitalsNew.txt
1 cards have been saved
Input the action (add, remove, import, export, ask, exit)
> exit
Bye bye!
?[1;31m
Start test 6?[0m
Input the action (add, remove, import, export, ask, exit)
> import
Name of file to be imported
> capitalsNew.txt
1 cards have been loaded
Input the action (add, remove, import, export, ask, exit)
> exit
Bye bye!
?[1;31m
Start test 7?[0m
Input the action (add, remove, import, export, ask, exit)
> import
Name of file to be imported
> capitalsNew.txt
1 cards have been loaded
Input the action (add, remove, import, export, ask, exit)
> add
Enter the term for card
> France
Enter the definition for card
> Paris
The pair ("France":"Paris") has been added.
Input the action (add, remove, import, export, ask, exit)
> add
Enter the term for card
> Russia
Enter the definition for card
> Moscow
The pair ("Russia":"Moscow") has been added.
Input the action (add, remove, import, export, ask, exit)
> remove
The card to be removed
> Great Britain
The card has been removed.
Input the action (add, remove, import, export, ask, exit)
> export
Please, provide name of the file:
> capitalsNew.txt
2 cards have been saved
Input the action (add, remove, import, export, ask, exit)
> import
Name of file to be imported
> capitalsNew.txt
2 cards have been loaded
Input the action (add, remove, import, export, ask, exit)
> ask
How many times to ask?
> 4
Print the definition of "France":
> London
Wrong answer. The correct one is "Paris"
Print the definition of "Russia":
> Paris
Wrong answer. The correct one is "Moscow", `you've just written the definition of "France"
Print the definition of "France":
> Moscow
Wrong answer. The correct one is "Paris", `you've just written the definition of "Russia"
Print the definition of "Russia":
> Paris
Wrong answer. The correct one is "Moscow", `you've just written the definition of "France"
Input the action (add, remove, import, export, ask, exit)
> exit
Bye bye!
?[1;31m
Start test 8?[0m
Input the action (add, remove, import, export, ask, exit)
> add
Enter the term for card
> Japan
Enter the definition for card
> Tokyo
The pair ("Japan":"Tokyo") has been added.
Input the action (add, remove, import, export, ask, exit)
> add
Enter the term for card
> France
Enter the definition for card
> UpdateMeFromImport
The pair ("France":"UpdateMeFromImport") has been added.
Input the action (add, remove, import, export, ask, exit)
> add
Enter the term for card
> Russia
Enter the definition for card
> UpdateMeFromImport2
The pair ("Russia":"UpdateMeFromImport2") has been added.
Input the action (add, remove, import, export, ask, exit)
> import
Name of file to be imported
> capitalsNew.txt
2 cards have been loaded
Input the action (add, remove, import, export, ask, exit)
> ask
How many times to ask?
> 3
Print the definition of "France":
> Tokyo
Wrong answer. The correct one is "Paris", `you've just written the definition of "Japan"
Print the definition of "Japan":
> Paris
Wrong answer. The correct one is "Tokyo", `you've just written the definition of "France"
Print the definition of "Russia":
> Moscow
Correct answer.
Input the action (add, remove, import, export, ask, exit)
> remove
The card to be removed
> Japan
The card has been removed.
Input the action (add, remove, import, export, ask, exit)
> remove
The card to be removed
> Russia
The card has been removed.
Input the action (add, remove, import, export, ask, exit)
> export
Please, provide name of the file:
> capitalsNew.txt
1 cards have been saved
Input the action (add, remove, import, export, ask, exit)
> exit
Bye bye!
?[1;31m
Start test 9?[0m
Input the action (add, remove, import, export, ask, exit)
> add
Enter the term for card
> France
Enter the definition for card
> UpdateMeFromImport
The pair ("France":"UpdateMeFromImport") has been added.
Input the action (add, remove, import, export, ask, exit)
> import
Name of file to be imported
> capitalsNew.txt
1 cards have been loaded
Input the action (add, remove, import, export, ask, exit)
> ask
How many times to ask?
> 1
Print the definition of "France":
> UpdateMeFromImport
Wrong answer. The correct one is "Paris"
Input the action (add, remove, import, export, ask, exit)
> exit
Bye bye!
?[1;31m
Start test 10?[0m
Input the action (add, remove, import, export, ask, exit)
> add
Enter the term for card
> a
Enter the definition for card
> 1
The pair ("a":"1") has been added.
Input the action (add, remove, import, export, ask, exit)
> add
Enter the term for card
> b
Enter the definition for card
> 2
The pair ("b":"2") has been added.
Input the action (add, remove, import, export, ask, exit)
> add
Enter the term for card
> c
Enter the definition for card
> 3
The pair ("c":"3") has been added.
Input the action (add, remove, import, export, ask, exit)
> add
Enter the term for card
> b
The card "b" already exists.
Input the action (add, remove, import, export, ask, exit)
> add
Enter the term for card
> c
The card "c" already exists.
Input the action (add, remove, import, export, ask, exit)
> add
Enter the term for card
> d
Enter the definition for card
> 4
The pair ("d":"4") has been added.
Input the action (add, remove, import, export, ask, exit)
> remove
The card to be removed
> c
The card has been removed.
Input the action (add, remove, import, export, ask, exit)
> remove
The card to be removed
> xxxx
Can't remove "xxxx": there is no such card.
Input the action (add, remove, import, export, ask, exit)
> add
Enter the term for card
> c
Enter the definition for card
> 5
The pair ("c":"5") has been added.
Input the action (add, remove, import, export, ask, exit)
> add
Enter the term for card
> new card
Enter the definition for card
> 4
The definition "4" already exists.
Input the action (add, remove, import, export, ask, exit)
> add
Enter the term for card
> f
Enter the definition for card
> 5
The definition "5" already exists.
Input the action (add, remove, import, export, ask, exit)
> remove
The card to be removed
> c
The card has been removed.
Input the action (add, remove, import, export, ask, exit)
> remove
The card to be removed
> d
The card has been removed.
Input the action (add, remove, import, export, ask, exit)
> ask
How many times to ask?
> 7
Print the definition of "a":
> 1
Correct answer.
Print the definition of "b":
> 2
Correct answer.
Print the definition of "a":
> 3
Wrong answer. The correct one is "1"
Print the definition of "b":
> 4
Wrong answer. The correct one is "2"
Print the definition of "a":
> 3
Wrong answer. The correct one is "1"
Print the definition of "b":
> 2
Correct answer.
Print the definition of "a":
> 1
Correct answer.
Input the action (add, remove, import, export, ask, exit)
> ask
How many times to ask?
> 1
Print the definition of "a":
> 2
Wrong answer. The correct one is "1", `you've just written the definition of "b"
Input the action (add, remove, import, export, ask, exit)
> exit
Bye bye!
]]></system-out>
  <system-err><![CDATA[]]></system-err>
</testsuite>
